<?xml version="1.0" encoding="UTF-8"?>
<!-- Generated by org.testng.reporters.JUnitXMLReporter -->
<testsuite ignored="11" hostname="Murali" failures="0" tests="1" name="Default test" time="84.554" errors="0" timestamp="2024-08-27T14:29:12 IST">
  <testcase classname="testcases.DegradeReport" name="DOCXFileDownloadin5S" time="24.094"/>
  <testcase classname="testcases.DegradeReport" name="search_Folder_using_AttributeSearch" time="0.0">
    <ignored/>
  </testcase> <!-- search_Folder_using_AttributeSearch -->
  <testcase classname="testcases.DegradeReport" name="searchBMF" time="0.0">
    <ignored/>
  </testcase> <!-- searchBMF -->
  <testcase classname="testcases.DegradeReport" name="upload_file_in_5s" time="0.0">
    <ignored/>
  </testcase> <!-- upload_file_in_5s -->
  <testcase classname="testcases.DegradeReport" name="searchpng" time="0.0">
    <ignored/>
  </testcase> <!-- searchpng -->
  <testcase classname="testcases.DegradeReport" name="fileDownloadin5S" time="0.0">
    <ignored/>
  </testcase> <!-- fileDownloadin5S -->
  <testcase classname="testcases.DegradeReport" name="pptxFileDownloadin5S" time="0.0">
    <ignored/>
  </testcase> <!-- pptxFileDownloadin5S -->
  <testcase classname="testcases.DegradeReport" name="file_Root_Location" time="0.0">
    <ignored/>
  </testcase> <!-- file_Root_Location -->
  <testcase classname="testcases.DegradeReport" name="search_By_File_in_5S" time="0.0">
    <ignored/>
  </testcase> <!-- search_By_File_in_5S -->
  <testcase classname="testcases.DegradeReport" name="search_File_using_AttributeSearch" time="0.0">
    <ignored/>
  </testcase> <!-- search_File_using_AttributeSearch -->
  <testcase classname="testcases.DegradeReport" name="search_File_using_FilenameAttribute" time="0.0">
    <ignored/>
  </testcase> <!-- search_File_using_FilenameAttribute -->
  <testcase classname="testcases.DegradeReport" name="xlsxFileDownloadin5S" time="0.0">
    <ignored/>
  </testcase> <!-- xlsxFileDownloadin5S -->
</testsuite> <!-- Default test -->
