<?xml version="1.0" encoding="UTF-8"?>
<!-- Generated by org.testng.reporters.JUnitXMLReporter -->
<testsuite ignored="5" hostname="Murali" failures="0" tests="1" name="Default test" time="41.765" errors="0" timestamp="2024-07-13T01:19:25 IST">
  <testcase classname="testcases.DegradeReport" name="file_Root_Location" time="20.732"/>
  <testcase classname="testcases.DegradeReport" name="searchpng" time="0.0">
    <ignored/>
  </testcase> <!-- searchpng -->
  <testcase classname="testcases.DegradeReport" name="search_Folder_using_AttributeSearch" time="0.0">
    <ignored/>
  </testcase> <!-- search_Folder_using_AttributeSearch -->
  <testcase classname="testcases.DegradeReport" name="search_File_using_FilenameAttribute" time="0.0">
    <ignored/>
  </testcase> <!-- search_File_using_FilenameAttribute -->
  <testcase classname="testcases.DegradeReport" name="search_File_using_AttributeSearch" time="0.0">
    <ignored/>
  </testcase> <!-- search_File_using_AttributeSearch -->
  <testcase classname="testcases.DegradeReport" name="searchBMF" time="0.0">
    <ignored/>
  </testcase> <!-- searchBMF -->
</testsuite> <!-- Default test -->
