<?xml version="1.0" encoding="UTF-8"?>
<testng-results ignored="0" total="1" passed="1" failed="0" skipped="0">
  <reporter-output>
  </reporter-output>
  <suite started-at="2024-08-27T14:27:47 IST" name="Default suite" finished-at="2024-08-27T14:29:12 IST" duration-ms="84554">
    <groups>
    </groups>
    <test started-at="2024-08-27T14:27:47 IST" name="Default test" finished-at="2024-08-27T14:29:12 IST" duration-ms="84554">
      <class name="testcases.DegradeReport">
        <test-method is-config="true" signature="driverinfo()[pri:0, instance:testcases.DegradeReport@2b40ff9c]" started-at="2024-08-27T14:27:47 IST" name="driverinfo" finished-at="2024-08-27T14:28:43 IST" duration-ms="55515" status="PASS">
          <reporter-output>
          </reporter-output>
        </test-method> <!-- driverinfo -->
        <test-method signature="DOCXFileDownloadin5S()[pri:12, instance:testcases.DegradeReport@2b40ff9c]" started-at="2024-08-27T14:28:43 IST" name="DOCXFileDownloadin5S" finished-at="2024-08-27T14:29:07 IST" duration-ms="24094" status="PASS">
          <reporter-output>
          </reporter-output>
        </test-method> <!-- DOCXFileDownloadin5S -->
        <test-method is-config="true" signature="tearDown()[pri:0, instance:testcases.DegradeReport@2b40ff9c]" started-at="2024-08-27T14:29:07 IST" name="tearDown" finished-at="2024-08-27T14:29:12 IST" duration-ms="4862" status="PASS">
          <reporter-output>
          </reporter-output>
        </test-method> <!-- tearDown -->
      </class> <!-- testcases.DegradeReport -->
    </test> <!-- Default test -->
  </suite> <!-- Default suite -->
</testng-results>
