<?xml version="1.0" encoding="UTF-8"?>
<testng-results ignored="0" total="1" passed="1" failed="0" skipped="0">
  <reporter-output>
  </reporter-output>
  <suite started-at="2024-07-13T01:18:43 IST" name="Default suite" finished-at="2024-07-13T01:19:25 IST" duration-ms="41765">
    <groups>
    </groups>
    <test started-at="2024-07-13T01:18:43 IST" name="Default test" finished-at="2024-07-13T01:19:25 IST" duration-ms="41765">
      <class name="testcases.DegradeReport">
        <test-method is-config="true" signature="driverinfo()[pri:0, instance:testcases.DegradeReport@6440112d]" started-at="2024-07-13T01:18:43 IST" name="driverinfo" finished-at="2024-07-13T01:19:01 IST" duration-ms="18470" status="PASS">
          <reporter-output>
          </reporter-output>
        </test-method> <!-- driverinfo -->
        <test-method signature="file_Root_Location()[pri:6, instance:testcases.DegradeReport@6440112d]" started-at="2024-07-13T01:19:01 IST" name="file_Root_Location" finished-at="2024-07-13T01:19:22 IST" duration-ms="20732" status="PASS">
          <reporter-output>
          </reporter-output>
        </test-method> <!-- file_Root_Location -->
        <test-method is-config="true" signature="tearDown()[pri:0, instance:testcases.DegradeReport@6440112d]" started-at="2024-07-13T01:19:22 IST" name="tearDown" finished-at="2024-07-13T01:19:25 IST" duration-ms="2514" status="PASS">
          <reporter-output>
          </reporter-output>
        </test-method> <!-- tearDown -->
      </class> <!-- testcases.DegradeReport -->
    </test> <!-- Default test -->
  </suite> <!-- Default suite -->
</testng-results>
